Removed Pin From Net: NetName=VCC Pin=C4-1
Removed Pin From Net: NetName=VCC Pin=C4-2
Removed Pin From Net: NetName=NetP4_2 Pin=P8-1
Removed Pin From Net: NetName=NetP4_2 Pin=R8-1
Removed Member From Class: ClassName=circuit1_ver1 Member=C4
Added Component: Designator=C?(CAPR5-4X5)
Add component. Clean all parameters for all variants
Add component (AddParameter): Name = "PackageDescription"; Value = "Capacitor; 2 Leads"; VariantName = "[No Variations]"
Add component (AddParameter): Name = "PackageReference"; Value = "CAPR5-4X5"; VariantName = "[No Variations]"
Add component (AddParameter): Name = "Published"; Value = "23-Sep-2002"; VariantName = "[No Variations]"
Add component (AddParameter): Name = "Publisher"; Value = "Altium Limited"; VariantName = "[No Variations]"
Add component (AddParameter): Name = "Value"; Value = "100pF"; VariantName = "[No Variations]"
Added Pin To Net: NetName=NetP4_2 Pin=C?-2
Change Net Name : Old Net Name=NetP4_2 New Net Name=mid_out2
Change Net Name : Old Net Name=VCC New Net Name=mid_out0
Added Pin To Net: NetName=NetC?_1 Pin=C?-1
Added Pin To Net: NetName=NetC?_1 Pin=P8-1
Added Pin To Net: NetName=NetC?_1 Pin=R8-1
Added Net: Name=NetC?_1
Added Member To Class: ClassName=circuit1_ver1 Member=Component C? Cap2
