Removed Pin From Net: NetName=NetC5_2 Pin=R10-1
Removed Pin From Net: NetName=NetC5_2 Pin=R10-3
Removed Pin From Net: NetName=NetP2_2 Pin=R13-1
Removed Pin From Net: NetName=GND Pin=R13-2
Removed Pin From Net: NetName=NetP2_2 Pin=R13-3
Removed Member From Class: ClassName=circuit1_ver1 Member=R12
Removed Member From Class: ClassName=circuit1_ver1 Member=R13
Change Component Designator: OldDesignator=P3 NewDesignator=P5
Change Component Designator: OldDesignator=R11 NewDesignator=R10
Change Component Designator: OldDesignator=R12 NewDesignator=R11
Added Component: Designator=P3(HDR1X3H)
Add component. Clean all parameters for all variants
Add component (AddParameter): Name = "LatestRevisionDate"; Value = "17-Jul-2002"; VariantName = "[No Variations]"
Add component (AddParameter): Name = "LatestRevisionNote"; Value = "Re-released for DXP Platform."; VariantName = "[No Variations]"
Add component (AddParameter): Name = "Publisher"; Value = "Altium Limited"; VariantName = "[No Variations]"
Added Component: Designator=P4(HDR1X3H)
Add component. Clean all parameters for all variants
Add component (AddParameter): Name = "LatestRevisionDate"; Value = "17-Jul-2002"; VariantName = "[No Variations]"
Add component (AddParameter): Name = "LatestRevisionNote"; Value = "Re-released for DXP Platform."; VariantName = "[No Variations]"
Add component (AddParameter): Name = "Publisher"; Value = "Altium Limited"; VariantName = "[No Variations]"
Added Pin To Net: NetName=NetC5_2 Pin=P3-1
Added Pin To Net: NetName=NetC5_2 Pin=P3-2
Added Pin To Net: NetName=NetP2_2 Pin=P4-1
Added Pin To Net: NetName=NetP2_2 Pin=P4-2
Added Pin To Net: NetName=GND Pin=P4-3
Added Pin To Net: NetName=GND Pin=P5-1
Added Pin To Net: NetName=GND Pin=R11-1
Added Pin To Net: NetName=NetP3_3 Pin=P3-3
Added Pin To Net: NetName=NetP3_3 Pin=P5-2
Added Net: Name=NetP3_3
Added Member To Class: ClassName=circuit1_ver1 Member=Component P4 Res_var
Added Member To Class: ClassName=circuit1_ver1 Member=Component P5 speaker2
