Removed Pin From Net: NetName=GND Pin=U1-1
Removed Pin From Net: NetName=NetC2_2 Pin=U1-2
Removed Pin From Net: NetName=NetC1_1 Pin=U1-3
Removed Pin From Net: NetName=NetC5_1 Pin=U2-1
Removed Pin From Net: NetName=mid_out2 Pin=U2-2
Removed Pin From Net: NetName=mid_out2 Pin=U2-3
Removed Pin From Net: NetName=GND Pin=U3-1
Removed Pin From Net: NetName=NetC6_2 Pin=U3-2
Removed Pin From Net: NetName=mid_out2 Pin=U3-3
Removed Member From Class: ClassName=circuit1_ver1 Member=U1
Removed Member From Class: ClassName=circuit1_ver1 Member=U2
Removed Member From Class: ClassName=circuit1_ver1 Member=U3
Change Component Comment : Designator=P3 Old Comment=speaker1 New Comment=Transistor
Change Component Designator: OldDesignator=P2 NewDesignator=P3
Change Component Designator: OldDesignator=P3 NewDesignator=P5
Change Component Designator: OldDesignator=P4 NewDesignator=P6
Change Component Designator: OldDesignator=P5 NewDesignator=P7
Change Component Designator: OldDesignator=P6 NewDesignator=P9
Added Component: Designator=P2(HDR1X3H)
Add component. Clean all parameters for all variants
Add component (AddParameter): Name = "LatestRevisionDate"; Value = "17-Jul-2002"; VariantName = "[No Variations]"
Add component (AddParameter): Name = "LatestRevisionNote"; Value = "Re-released for DXP Platform."; VariantName = "[No Variations]"
Add component (AddParameter): Name = "Publisher"; Value = "Altium Limited"; VariantName = "[No Variations]"
Added Component: Designator=P4(HDR1X3H)
Add component. Clean all parameters for all variants
Add component (AddParameter): Name = "LatestRevisionDate"; Value = "17-Jul-2002"; VariantName = "[No Variations]"
Add component (AddParameter): Name = "LatestRevisionNote"; Value = "Re-released for DXP Platform."; VariantName = "[No Variations]"
Add component (AddParameter): Name = "Publisher"; Value = "Altium Limited"; VariantName = "[No Variations]"
Added Component: Designator=P8(HDR1X3H)
Add component. Clean all parameters for all variants
Add component (AddParameter): Name = "LatestRevisionDate"; Value = "17-Jul-2002"; VariantName = "[No Variations]"
Add component (AddParameter): Name = "LatestRevisionNote"; Value = "Re-released for DXP Platform."; VariantName = "[No Variations]"
Add component (AddParameter): Name = "Publisher"; Value = "Altium Limited"; VariantName = "[No Variations]"
Added Pin To Net: NetName=NetC1_1 Pin=P2-1
Added Pin To Net: NetName=NetC2_2 Pin=P2-2
Added Pin To Net: NetName=GND Pin=P2-3
Added Pin To Net: NetName=mid_out2 Pin=P4-1
Added Pin To Net: NetName=mid_out2 Pin=P4-2
Added Pin To Net: NetName=NetC5_1 Pin=P4-3
Added Pin To Net: NetName=mid_out2 Pin=P8-1
Added Pin To Net: NetName=NetC6_2 Pin=P8-2
Added Pin To Net: NetName=GND Pin=P8-3
Change Net Name : Old Net Name=NetP3_2 New Net Name=NetP5_2
Change Net Name : Old Net Name=NetP4_3 New Net Name=NetP6_3
Added Member To Class: ClassName=circuit1_ver1 Member=Component P2 Transistor
Added Member To Class: ClassName=circuit1_ver1 Member=Component P7 Res_var
Added Member To Class: ClassName=circuit1_ver1 Member=Component P8 Transistor
Added Member To Class: ClassName=circuit1_ver1 Member=Component P9 speaker2
Added Member To Class: ClassName=circuit1_ver1 Member=Component R10 Res2
